#
# A fatal error has been detected by the Java Runtime Environment:
#
#  EXCEPTION_ACCESS_VIOLATION (0xc0000005) at pc=0x00007ff829b23004, pid=18492, tid=15824
#
# JRE version: OpenJDK Runtime Environment (24.0+36) (build 24+36-3646)
# Java VM: OpenJDK 64-Bit Server VM (24+36-3646, mixed mode, sharing, tiered, compressed oops, compressed class ptrs, g1 gc, windows-amd64)
# Problematic frame:
# C  [libasyncProfiler.dll+0x93004]
#
# No core dump will be written. Minidumps are not enabled by default on client versions of Windows
#
# JFR recording file will be written. Location: E:\Semester 4\PBO\Praktikum\projek akhir PBO\hs_err_pid18492.jfr
#
# If you would like to submit a bug report, please visit:
#   https://bugreport.java.com/bugreport/crash.jsp
# The crash happened outside the Java Virtual Machine in native code.
# See problematic frame for where to report the bug.
#

---------------  S U M M A R Y ------------

Command Line: --module-path=D:\javafx-sdk-24.0.1\lib --add-modules=javafx.controls,javafx.fxml --enable-preview -javaagent:C:\Program Files\JetBrains\IntelliJ IDEA 2024.3.5\lib\idea_rt.jar=2670 -agentpath:C:\Users\asus\AppData\Local\Temp\idea_libasyncProfiler_dll_temp_folder1\libasyncProfiler.dll=start,jfr,event=wall,interval=10ms,jfrsync=profile,cstack=no,file=C:\Users\asus\IdeaSnapshots\Javafx_2025_07_08_232853.jfr,dbghelppath=C:\Users\asus\AppData\Local\Temp\idea_dbghelp_dll_temp_folder\dbghelp.dll,log=C:\Users\asus\AppData\Local\Temp\Javafx_2025_07_08_232853.jfr.log.txt,logLevel=DEBUG -Dfile.encoding=UTF-8 -Dsun.stdout.encoding=UTF-8 -Dsun.stderr.encoding=UTF-8 com.MainApp

Host: Intel(R) Core(TM) i5-1035G1 CPU @ 1.00GHz, 8 cores, 7G,  Windows 10 , 64 bit Build 21996 (10.0.21996.1)
Time: Tue Jul  8 23:28:54 2025 SE Asia Standard Time elapsed time: 1.549291 seconds (0d 0h 0m 1s)

---------------  T H R E A D  ---------------

Current thread (0x00000287e809e520):  JavaThread "main"             [_thread_in_native, id=15824, stack(0x0000009735900000,0x0000009735a00000) (1024K)]

Stack: [0x0000009735900000,0x0000009735a00000],  sp=0x00000097359fea70,  free space=1018k
Native frames: (J=compiled Java code, j=interpreted, Vv=VM code, C=native code)
C  [libasyncProfiler.dll+0x93004]  (no source info available)
C  [libasyncProfiler.dll+0x934db]  (no source info available)
C  [libasyncProfiler.dll+0x92134]  (no source info available)
C  [libasyncProfiler.dll+0x929aa]  (no source info available)
C  [libasyncProfiler.dll+0x8d561]  (no source info available)
C  [libasyncProfiler.dll+0x7ef21]  (no source info available)
C  [libasyncProfiler.dll+0x7dc38]  (no source info available)
C  [libasyncProfiler.dll+0x7db20]  (no source info available)
C  [libasyncProfiler.dll+0x83c3c]  (no source info available)
V  [jvm.dll+0x5e3a5e]  (no source info available)
V  [jvm.dll+0x8861e6]  (no source info available)
V  [jvm.dll+0x49604e]  (no source info available)
V  [jvm.dll+0x497e21]  (no source info available)
C  [jli.dll+0x52a1]  (no source info available)
C  [ucrtbase.dll+0x26c0c]  (no source info available)
C  [KERNEL32.DLL+0x154e0]  (no source info available)
C  [ntdll.dll+0x485b]  (no source info available)


siginfo: EXCEPTION_ACCESS_VIOLATION (0xc0000005), reading address 0xffffffffffffffff


Registers:
RAX=0x0000000000000010, RBX=0x0000000000000000, RCX=0xffffffffffffffff, RDX=0x007ff85a0d2ff010
RSP=0x00000097359fea70, RBP=0x00000287d5012b48, RSI=0x00000097359febe0, RDI=0x00000287d5012b48
R8 =0x0000000000000042, R9 =0x000000008ad01ee8, R10=0x00007ff85a349fc0, R11=0x0000000000000002
R12=0x00000097359febe0, R13=0x00000287e7fc4650, R14=0x00000287e809e8e8, R15=0x00000287e809e8e8
RIP=0x00007ff829b23004, EFLAGS=0x0000000000010202

XMM[0]=0x0000000000000000 0x0000000000000000
XMM[1]=0x0000000000000000 0x0000000000000000
XMM[2]=0x0000000000000000 0x0000000000000000
XMM[3]=0x0000000000000000 0x0000000000000000
XMM[4]=0x0000000000000000 0x0000000000000000
XMM[5]=0x0000000000000000 0x0000000000000000
XMM[6]=0x0000000000000000 0x0000000000000000
XMM[7]=0x0000000000000000 0x0000000000000000
XMM[8]=0x0000000000000000 0x0000000000000000
XMM[9]=0x0000000000000000 0x0000000000000000
XMM[10]=0x0000000000000000 0x0000000000000000
XMM[11]=0x0000000000000000 0x0000000000000000
XMM[12]=0x0000000000000000 0x0000000000000000
XMM[13]=0x0000000000000000 0x0000000000000000
XMM[14]=0x0000000000000000 0x0000000000000000
XMM[15]=0x0000000000000000 0x0000000000000000
  MXCSR=0x00001fa0


Register to memory mapping:

RAX=0x0000000000000010 is an unknown value
RBX=0x0 is null
RCX=0xffffffffffffffff is an unknown value
RDX=0x007ff85a0d2ff010 is an unknown value
RSP=0x00000097359fea70 is pointing into the stack for thread: 0x00000287e809e520
RBP=0x00000287d5012b48 points into unknown readable memory: 0x000000008ad01ee8 | e8 1e d0 8a 00 00 00 00
RSI=0x00000097359febe0 is pointing into the stack for thread: 0x00000287e809e520
RDI=0x00000287d5012b48 points into unknown readable memory: 0x000000008ad01ee8 | e8 1e d0 8a 00 00 00 00
R8 =0x0000000000000042 is an unknown value
R9 =0x000000008ad01ee8 is an oop: java.lang.Thread 
{0x000000008ad01ee8} - klass: 'java/lang/Thread' - flags: 

 - ---- fields (total size 14 words):
 - 'threadLocalRandomProbe' 'I' @12  0 (0x00000000)
 - private volatile 'eetop' 'J' @16  2782736803104 (0x00000287e809e520)
 - private final 'tid' 'J' @24  3 (0x0000000000000003)
 - 'threadLocalRandomSeed' 'J' @32  0 (0x0000000000000000)
 - injected 'jvmti_thread_state' 'J' @40  2782733175216 (0x00000287e7d289b0)
 - 'threadLocalRandomSecondarySeed' 'I' @48  0 (0x00000000)
 - injected 'jvmti_VTMS_transition_disable_count' 'I' @52  0 (0x00000000)
 - injected 'jfr_epoch' 'S' @56  0 (0x0000)
 - volatile 'interrupted' 'Z' @58  false (0x00)
 - injected 'jvmti_is_in_VTMS_transition' 'Z' @59  false (0x00)
 - private volatile 'name' 'Ljava/lang/String;' @60  "main"{0x000000008ad01f58} (0x8ad01f58)
 - private volatile 'contextClassLoader' 'Ljava/lang/ClassLoader;' @64  a 'jdk/internal/loader/ClassLoaders$AppClassLoader'{0x000000008ad1b4a8} (0x8ad1b4a8)
 - private final 'holder' 'Ljava/lang/Thread$FieldHolder;' @68  a 'java/lang/Thread$FieldHolder'{0x000000008ad01f98} (0x8ad01f98)
 - 'threadLocals' 'Ljava/lang/ThreadLocal$ThreadLocalMap;' @72  a 'java/lang/ThreadLocal$ThreadLocalMap'{0x000000008accbc08} (0x8accbc08)
 - 'inheritableThreadLocals' 'Ljava/lang/ThreadLocal$ThreadLocalMap;' @76  null (0x00000000)
 - private 'scopedValueBindings' 'Ljava/lang/Object;' @80  a 'java/lang/Class'{0x00000000ffe7c280} = 'java/lang/Thread' (0xffe7c280)
 - final 'interruptLock' 'Ljava/lang/Object;' @84  a 'java/lang/Object'{0x000000008ad01f88} (0x8ad01f88)
 - private volatile 'parkBlocker' 'Ljava/lang/Object;' @88  null (0x00000000)
 - private 'nioBlocker' 'Lsun/nio/ch/Interruptible;' @92  null (0x00000000)
 - private 'cont' 'Ljdk/internal/vm/Continuation;' @96  null (0x00000000)
 - private volatile 'uncaughtExceptionHandler' 'Ljava/lang/Thread$UncaughtExceptionHandler;' @100  null (0x00000000)
 - private 'container' 'Ljdk/internal/vm/ThreadContainer;' @104  null (0x00000000)
 - private volatile 'headStackableScopes' 'Ljdk/internal/vm/StackableScope;' @108  null (0x00000000)
R10=0x00007ff85a349fc0 jvm.dll
R11=0x0000000000000002 is an unknown value
R12=0x00000097359febe0 is pointing into the stack for thread: 0x00000287e809e520
R13=0x00000287e7fc4650 points into unknown readable memory: 0x00007ff85a2ba510 | 10 a5 2b 5a f8 7f 00 00
R14=0x00000287e809e8e8 points into unknown readable memory: 0x00007ff85a2b17b0 | b0 17 2b 5a f8 7f 00 00
R15=0x00000287e809e8e8 points into unknown readable memory: 0x00007ff85a2b17b0 | b0 17 2b 5a f8 7f 00 00

Top of Stack: (sp=0x00000097359fea70)
0x00000097359fea70:   00000097359febe0 00000287d5012b48   ...5....H+......
0x00000097359fea80:   0000000000000000 00000287e7b70120   ........ .......
0x00000097359fea90:   000000000000001b 00007ff829b234db   .........4.)....
0x00000097359feaa0:   0000000000000000 00000287e809e8e8   ................
0x00000097359feab0:   00000097359feb01 0000000000000000   ...5............
0x00000097359feac0:   00000287d06536c0 00007ff829b22134   .6e.....4!.)....
0x00000097359fead0:   0000000000000000 000000000000001b   ................
0x00000097359feae0:   0000000000000000 000000000000001b   ................
0x00000097359feaf0:   0000000bd0e58040 00000287d538ea70   @.......p.8.....
0x00000097359feb00:   00000287d06536c0 00000287d065372c   .6e.....,7e.....
0x00000097359feb10:   00000287d0653730 0000000000003118   07e......1......
0x00000097359feb20:   0000000000000000 0000000000000000   ................
0x00000097359feb30:   0000000000000000 00007ff859b158e4   .........X.Y....
0x00000097359feb40:   00007ff829c7ae00 000000000000483c   ...)....<H......
0x00000097359feb50:   00007ff829c7ae00 00000000ffffffff   ...)............
0x00000097359feb60:   0000000000000000 00007ff829b229aa   .........).)....
0x00000097359feb70:   00000287e809e8e8 0000000000000000   ................
0x00000097359feb80:   00000097359febe9 00000287e7fc4650   ...5....PF......
0x00000097359feb90:   00000287000021b4 0000000000000000   .!..............
0x00000097359feba0:   0000000000000000 00000287d708d920   ........ .......
0x00000097359febb0:   00000287e809e8e8 00007ff829c7ae00   ...........)....
0x00000097359febc0:   0000000000100000 0000000000001000   ................
0x00000097359febd0:   00000097359fed78 00000287e809e8e8   x..5............
0x00000097359febe0:   00000287d57d9920 00000287d57d9c80    .}.......}.....
0x00000097359febf0:   00000287d57d9c80 00007ff829c7ae00   ..}........)....
0x00000097359fec00:   00000287d708de10 00000287e5ca0000   ................
0x00000097359fec10:   00000097359feeb0 0000000000008840   ...5....@.......
0x00000097359fec20:   00007ff829c6d080 00007ff829c7ae50   ...)....P..)....
0x00000097359fec30:   0000000000989680 0000000000989680   ................
0x00000097359fec40:   00000097359fed50 00007ff829b1d561   P..5....a..)....
0x00000097359fec50:   00007ff829c7ae00 00007ff829c7ae58   ...)....X..)....
0x00000097359fec60:   00007ff800000000 0000028700000001   ................

Instructions: (pc=0x00007ff829b23004)
  0x00007ff829b22f04:   cc cc cc cc cc cc cc cc cc cc cc cc cc cc cc cc
  0x00007ff829b22f14:   cc cc cc cc cc cc cc cc cc cc cc cc cc cc cc cc
  0x00007ff829b22f24:   cc cc cc cc cc cc cc cc cc cc cc cc cc cc cc cc
  0x00007ff829b22f34:   cc cc cc cc cc cc cc cc cc cc cc cc cc cc cc cc
  0x00007ff829b22f44:   cc cc cc cc cc cc cc cc cc cc cc cc cc cc cc cc
  0x00007ff829b22f54:   cc cc cc cc cc cc cc cc cc cc cc cc cc cc cc cc
  0x00007ff829b22f64:   cc cc cc cc cc cc cc cc cc cc cc cc cc cc cc cc
  0x00007ff829b22f74:   cc cc cc cc cc cc cc cc cc cc cc cc cc cc cc cc
  0x00007ff829b22f84:   cc cc cc cc cc cc cc cc cc cc cc cc 40 57 48 83
  0x00007ff829b22f94:   ec 20 48 8b f9 48 8b 0d 30 80 15 00 48 85 c9 74
  0x00007ff829b22fa4:   20 48 8b 01 48 8d 54 24 38 41 b8 06 00 01 00 4c
  0x00007ff829b22fb4:   8b 48 30 41 ff d1 85 c0 75 07 48 8b 4c 24 38 eb
  0x00007ff829b22fc4:   02 33 c9 4c 8b 05 0a 81 15 00 48 89 5c 24 30 4d
  0x00007ff829b22fd4:   85 c0 74 4a 48 8b 01 48 8b d7 4c 8b 88 28 03 00
  0x00007ff829b22fe4:   00 41 ff d1 48 85 c0 74 35 48 63 0d b8 3d 15 00
  0x00007ff829b22ff4:   48 8b 14 01 48 85 d2 74 15 48 63 05 bc 3d 15 00
=>0x00007ff829b23004:   8b 04 10 48 8b 5c 24 30 48 83 c4 20 5f c3 b8 ff
  0x00007ff829b23014:   ff ff ff 48 8b 5c 24 30 48 83 c4 20 5f c3 80 3d
  0x00007ff829b23024:   bb 7f 15 00 00 bb ff ff ff ff 74 20 4c 8b 0d 51
  0x00007ff829b23034:   7c 15 00 4c 8d 44 24 38 48 8b 0d 35 7c 15 00 48
  0x00007ff829b23044:   8b d7 41 ff d1 85 c0 0f 44 5c 24 38 8b c3 48 8b
  0x00007ff829b23054:   5c 24 30 48 83 c4 20 5f c3 cc cc cc cc cc cc cc
  0x00007ff829b23064:   cc cc cc cc cc cc cc cc cc cc cc cc cc cc cc cc
  0x00007ff829b23074:   cc cc cc cc cc cc cc cc cc cc cc cc cc cc cc cc
  0x00007ff829b23084:   cc cc cc cc cc cc cc cc cc cc cc cc 48 89 54 24
  0x00007ff829b23094:   10 53 55 56 57 41 56 41 57 48 83 ec 28 48 8b f2
  0x00007ff829b230a4:   4c 8b f1 48 89 4c 24 78 45 33 ff 44 89 7c 24 68
  0x00007ff829b230b4:   c7 44 24 60 01 00 00 00 48 8d 4c 24 68 e8 69 3c
  0x00007ff829b230c4:   f7 ff 8b d8 48 8d 4c 24 60 e8 5d 3c f7 ff 8b e8
  0x00007ff829b230d4:   49 8b ce e8 33 f3 f6 ff 48 8b f8 90 8b c3 f0 0f
  0x00007ff829b230e4:   b1 2f 74 04 f3 90 eb f4 4c 89 3e 4c 89 7e 08 4c
  0x00007ff829b230f4:   89 7e 10 49 8b 6e 08 4d 8b 76 10 49 3b ee 0f 84


Stack slot to memory mapping:

stack at sp + 0 slots: 0x00000097359febe0 is pointing into the stack for thread: 0x00000287e809e520
stack at sp + 1 slots: 0x00000287d5012b48 points into unknown readable memory: 0x000000008ad01ee8 | e8 1e d0 8a 00 00 00 00
stack at sp + 2 slots: 0x0 is null
stack at sp + 3 slots: 0x00000287e7b70120 points into unknown readable memory: 0x6e616c2e6176616a | 6a 61 76 61 2e 6c 61 6e
stack at sp + 4 slots: 0x000000000000001b is an unknown value
stack at sp + 5 slots: 0x00007ff829b234db libasyncProfiler.dll
stack at sp + 6 slots: 0x0 is null
stack at sp + 7 slots: 0x00000287e809e8e8 points into unknown readable memory: 0x00007ff85a2b17b0 | b0 17 2b 5a f8 7f 00 00

Lock stack of current Java thread (top to bottom):


---------------  P R O C E S S  ---------------

Threads class SMR info:
_java_thread_list=0x00000287d0a85a20, length=19, elements={
0x00000287e809e520, 0x00000287e7cfe810, 0x00000287e7d0c510, 0x00000287e7d0f7f0,
0x00000287e7d10410, 0x00000287e7d114b0, 0x00000287e7d12570, 0x00000287e7d16780,
0x00000287e7d23690, 0x00000287d0173930, 0x00000287d02b21b0, 0x00000287d0298a00,
0x00000287d5249930, 0x00000287d5c45970, 0x00000287d7297e10, 0x00000287d58d52e0,
0x00000287d57e19b0, 0x00000287d50bcda0, 0x00000287d5887b10
}

Java Threads: ( => current thread )
=>0x00000287e809e520 JavaThread "main"                              [_thread_in_native, id=15824, stack(0x0000009735900000,0x0000009735a00000) (1024K)]
  0x00000287e7cfe810 JavaThread "Reference Handler"          daemon [_thread_blocked, id=12968, stack(0x0000009736100000,0x0000009736200000) (1024K)]
  0x00000287e7d0c510 JavaThread "Finalizer"                  daemon [_thread_blocked, id=3564, stack(0x0000009736200000,0x0000009736300000) (1024K)]
  0x00000287e7d0f7f0 JavaThread "Signal Dispatcher"          daemon [_thread_blocked, id=17476, stack(0x0000009736300000,0x0000009736400000) (1024K)]
  0x00000287e7d10410 JavaThread "Attach Listener"            daemon [_thread_blocked, id=16980, stack(0x0000009736400000,0x0000009736500000) (1024K)]
  0x00000287e7d114b0 JavaThread "Service Thread"             daemon [_thread_blocked, id=15048, stack(0x0000009736500000,0x0000009736600000) (1024K)]
  0x00000287e7d12570 JavaThread "Monitor Deflation Thread"   daemon [_thread_blocked, id=14616, stack(0x0000009736600000,0x0000009736700000) (1024K)]
  0x00000287e7d16780 JavaThread "C2 CompilerThread0"         daemon [_thread_blocked, id=8416, stack(0x0000009736700000,0x0000009736800000) (1024K)]
  0x00000287e7d23690 JavaThread "C1 CompilerThread0"         daemon [_thread_blocked, id=16752, stack(0x0000009736800000,0x0000009736900000) (1024K)]
  0x00000287d0173930 JavaThread "Common-Cleaner"             daemon [_thread_blocked, id=12728, stack(0x0000009736900000,0x0000009736a00000) (1024K)]
  0x00000287d02b21b0 JavaThread "C2 CompilerThread1"         daemon [_thread_blocked, id=18376, stack(0x0000009736a00000,0x0000009736b00000) (1024K)]
  0x00000287d0298a00 JavaThread "C2 CompilerThread2"         daemon [_thread_blocked, id=536, stack(0x0000009736b00000,0x0000009736c00000) (1024K)]
  0x00000287d5249930 JavaThread "Monitor Ctrl-Break"         daemon [_thread_in_native, id=11080, stack(0x0000009736c00000,0x0000009736d00000) (1024K)]
  0x00000287d5c45970 JavaThread "JFR Recorder Thread"        daemon [_thread_in_native, id=8000, stack(0x0000009736d00000,0x0000009736e00000) (1024K)]
  0x00000287d7297e10 JavaThread "JFR Periodic Tasks"         daemon [_thread_blocked, id=15100, stack(0x0000009736e00000,0x0000009736f00000) (1024K)]
  0x00000287d58d52e0 JavaThread "RMI TCP Accept-0"           daemon [_thread_in_native, id=12568, stack(0x0000009736f00000,0x0000009737000000) (1024K)]
  0x00000287d57e19b0 JavaThread "RMI TCP Connection(1)-192.168.127.240" daemon [_thread_in_native, id=11376, stack(0x0000009737000000,0x0000009737100000) (1024K)]
  0x00000287d50bcda0 JavaThread "RMI Scheduler(0)"           daemon [_thread_blocked, id=18372, stack(0x0000009737100000,0x0000009737200000) (1024K)]
  0x00000287d5887b10 JavaThread "JMX server connection timeout 33" daemon [_thread_blocked, id=18816, stack(0x0000009737200000,0x0000009737300000) (1024K)]
Total: 19

Other Threads:
  0x00000287e7cebf20 VMThread "VM Thread"                           [id=12672, stack(0x0000009736000000,0x0000009736100000) (1024K)]
  0x00000287e7cdda50 WatcherThread "VM Periodic Task Thread"        [id=12784, stack(0x0000009735f00000,0x0000009736000000) (1024K)]
  0x00000287e7bc8a20 WorkerThread "GC Thread#0"                     [id=14692, stack(0x0000009735a00000,0x0000009735b00000) (1024K)]
  0x00000287e7bdd690 ConcurrentGCThread "G1 Main Marker"            [id=5180, stack(0x0000009735b00000,0x0000009735c00000) (1024K)]
  0x00000287e7bde940 WorkerThread "G1 Conc#0"                       [id=15908, stack(0x0000009735c00000,0x0000009735d00000) (1024K)]
  0x00000287e7c7aec0 ConcurrentGCThread "G1 Refine#0"               [id=12748, stack(0x0000009735d00000,0x0000009735e00000) (1024K)]
  0x00000287e7c7ba40 ConcurrentGCThread "G1 Service"                [id=17812, stack(0x0000009735e00000,0x0000009735f00000) (1024K)]
Total: 7

Threads with active compile tasks:
Total: 0

VM state: not at safepoint (normal execution)

VM Mutex/Monitor currently owned by a thread: None

Heap address: 0x0000000083000000, size: 2000 MB, Compressed Oops mode: 32-bit

CDS archive(s) mapped at: [0x000002878f000000-0x000002878fd40000-0x000002878fd40000), size 13893632, SharedBaseAddress: 0x000002878f000000, ArchiveRelocationMode: 1.
Compressed class space mapped at: 0x0000028790000000-0x00000287d0000000, reserved size: 1073741824
UseCompressedClassPointers 1, UseCompactObjectHeaders 0
Narrow klass pointer bits 32, Max shift 3
Narrow klass base: 0x000002878f000000, Narrow klass shift: 0
Encoding Range: [0x000002878f000000 - 0x000002888f000000), (4294967296 bytes)
Klass Range:    [0x000002878f000000 - 0x00000287d0000000), (1090519040 bytes)
Klass ID Range:  [8 - 1090519033) (1090519025)

GC Precious Log:
 CardTable entry size: 512
 Card Set container configuration: InlinePtr #cards 5 size 8 Array Of Cards #cards 10 size 36 Howl #buckets 4 coarsen threshold 1843 Howl Bitmap #cards 512 size 80 coarsen threshold 460 Card regions per heap region 1 cards per card region 2048
 CPUs: 8 total, 8 available
 Memory: 7997M
 Large Page Support: Disabled
 NUMA Support: Disabled
 Compressed Oops: Enabled (32-bit)
 Heap Region Size: 1M
 Heap Min Capacity: 8M
 Heap Initial Capacity: 126M
 Heap Max Capacity: 2000M
 Pre-touch: Disabled
 Parallel Workers: 8
 Concurrent Workers: 2
 Concurrent Refinement Workers: 8
 Periodic GC: Disabled

Heap:
 garbage-first heap   total reserved 2048000K, committed 131072K, used 34928K [0x0000000083000000, 0x0000000100000000)
  region size 1024K, 34 young (34816K), 0 survivors (0K)
 Metaspace       used 7766K, committed 8000K, reserved 1114112K
  class space    used 736K, committed 832K, reserved 1048576K

Heap Regions: E=young(eden), S=young(survivor), O=old, HS=humongous(starts), HC=humongous(continues), CS=collection set, F=free, TAMS=top-at-mark-start, PB=parsable bottom
|   0|0x0000000083000000, 0x0000000083000000, 0x0000000083100000|  0%| F|  |TAMS 0x0000000083000000| PB 0x0000000083000000| Untracked |  0
|   1|0x0000000083100000, 0x0000000083100000, 0x0000000083200000|  0%| F|  |TAMS 0x0000000083100000| PB 0x0000000083100000| Untracked |  0
|   2|0x0000000083200000, 0x0000000083200000, 0x0000000083300000|  0%| F|  |TAMS 0x0000000083200000| PB 0x0000000083200000| Untracked |  0
|   3|0x0000000083300000, 0x0000000083300000, 0x0000000083400000|  0%| F|  |TAMS 0x0000000083300000| PB 0x0000000083300000| Untracked |  0
|   4|0x0000000083400000, 0x0000000083400000, 0x0000000083500000|  0%| F|  |TAMS 0x0000000083400000| PB 0x0000000083400000| Untracked |  0
|   5|0x0000000083500000, 0x0000000083500000, 0x0000000083600000|  0%| F|  |TAMS 0x0000000083500000| PB 0x0000000083500000| Untracked |  0
|   6|0x0000000083600000, 0x0000000083600000, 0x0000000083700000|  0%| F|  |TAMS 0x0000000083600000| PB 0x0000000083600000| Untracked |  0
|   7|0x0000000083700000, 0x0000000083700000, 0x0000000083800000|  0%| F|  |TAMS 0x0000000083700000| PB 0x0000000083700000| Untracked |  0
|   8|0x0000000083800000, 0x0000000083800000, 0x0000000083900000|  0%| F|  |TAMS 0x0000000083800000| PB 0x0000000083800000| Untracked |  0
|   9|0x0000000083900000, 0x0000000083900000, 0x0000000083a00000|  0%| F|  |TAMS 0x0000000083900000| PB 0x0000000083900000| Untracked |  0
|  10|0x0000000083a00000, 0x0000000083a00000, 0x0000000083b00000|  0%| F|  |TAMS 0x0000000083a00000| PB 0x0000000083a00000| Untracked |  0
|  11|0x0000000083b00000, 0x0000000083b00000, 0x0000000083c00000|  0%| F|  |TAMS 0x0000000083b00000| PB 0x0000000083b00000| Untracked |  0
|  12|0x0000000083c00000, 0x0000000083c00000, 0x0000000083d00000|  0%| F|  |TAMS 0x0000000083c00000| PB 0x0000000083c00000| Untracked |  0
|  13|0x0000000083d00000, 0x0000000083d00000, 0x0000000083e00000|  0%| F|  |TAMS 0x0000000083d00000| PB 0x0000000083d00000| Untracked |  0
|  14|0x0000000083e00000, 0x0000000083e00000, 0x0000000083f00000|  0%| F|  |TAMS 0x0000000083e00000| PB 0x0000000083e00000| Untracked |  0
|  15|0x0000000083f00000, 0x0000000083f00000, 0x0000000084000000|  0%| F|  |TAMS 0x0000000083f00000| PB 0x0000000083f00000| Untracked |  0
|  16|0x0000000084000000, 0x0000000084000000, 0x0000000084100000|  0%| F|  |TAMS 0x0000000084000000| PB 0x0000000084000000| Untracked |  0
|  17|0x0000000084100000, 0x0000000084100000, 0x0000000084200000|  0%| F|  |TAMS 0x0000000084100000| PB 0x0000000084100000| Untracked |  0
|  18|0x0000000084200000, 0x0000000084200000, 0x0000000084300000|  0%| F|  |TAMS 0x0000000084200000| PB 0x0000000084200000| Untracked |  0
|  19|0x0000000084300000, 0x0000000084300000, 0x0000000084400000|  0%| F|  |TAMS 0x0000000084300000| PB 0x0000000084300000| Untracked |  0
|  20|0x0000000084400000, 0x0000000084400000, 0x0000000084500000|  0%| F|  |TAMS 0x0000000084400000| PB 0x0000000084400000| Untracked |  0
|  21|0x0000000084500000, 0x0000000084500000, 0x0000000084600000|  0%| F|  |TAMS 0x0000000084500000| PB 0x0000000084500000| Untracked |  0
|  22|0x0000000084600000, 0x0000000084600000, 0x0000000084700000|  0%| F|  |TAMS 0x0000000084600000| PB 0x0000000084600000| Untracked |  0
|  23|0x0000000084700000, 0x0000000084700000, 0x0000000084800000|  0%| F|  |TAMS 0x0000000084700000| PB 0x0000000084700000| Untracked |  0
|  24|0x0000000084800000, 0x0000000084800000, 0x0000000084900000|  0%| F|  |TAMS 0x0000000084800000| PB 0x0000000084800000| Untracked |  0
|  25|0x0000000084900000, 0x0000000084900000, 0x0000000084a00000|  0%| F|  |TAMS 0x0000000084900000| PB 0x0000000084900000| Untracked |  0
|  26|0x0000000084a00000, 0x0000000084a00000, 0x0000000084b00000|  0%| F|  |TAMS 0x0000000084a00000| PB 0x0000000084a00000| Untracked |  0
|  27|0x0000000084b00000, 0x0000000084b00000, 0x0000000084c00000|  0%| F|  |TAMS 0x0000000084b00000| PB 0x0000000084b00000| Untracked |  0
|  28|0x0000000084c00000, 0x0000000084c00000, 0x0000000084d00000|  0%| F|  |TAMS 0x0000000084c00000| PB 0x0000000084c00000| Untracked |  0
|  29|0x0000000084d00000, 0x0000000084d00000, 0x0000000084e00000|  0%| F|  |TAMS 0x0000000084d00000| PB 0x0000000084d00000| Untracked |  0
|  30|0x0000000084e00000, 0x0000000084e00000, 0x0000000084f00000|  0%| F|  |TAMS 0x0000000084e00000| PB 0x0000000084e00000| Untracked |  0
|  31|0x0000000084f00000, 0x0000000084f00000, 0x0000000085000000|  0%| F|  |TAMS 0x0000000084f00000| PB 0x0000000084f00000| Untracked |  0
|  32|0x0000000085000000, 0x0000000085000000, 0x0000000085100000|  0%| F|  |TAMS 0x0000000085000000| PB 0x0000000085000000| Untracked |  0
|  33|0x0000000085100000, 0x0000000085100000, 0x0000000085200000|  0%| F|  |TAMS 0x0000000085100000| PB 0x0000000085100000| Untracked |  0
|  34|0x0000000085200000, 0x0000000085200000, 0x0000000085300000|  0%| F|  |TAMS 0x0000000085200000| PB 0x0000000085200000| Untracked |  0
|  35|0x0000000085300000, 0x0000000085300000, 0x0000000085400000|  0%| F|  |TAMS 0x0000000085300000| PB 0x0000000085300000| Untracked |  0
|  36|0x0000000085400000, 0x0000000085400000, 0x0000000085500000|  0%| F|  |TAMS 0x0000000085400000| PB 0x0000000085400000| Untracked |  0
|  37|0x0000000085500000, 0x0000000085500000, 0x0000000085600000|  0%| F|  |TAMS 0x0000000085500000| PB 0x0000000085500000| Untracked |  0
|  38|0x0000000085600000, 0x0000000085600000, 0x0000000085700000|  0%| F|  |TAMS 0x0000000085600000| PB 0x0000000085600000| Untracked |  0
|  39|0x0000000085700000, 0x0000000085700000, 0x0000000085800000|  0%| F|  |TAMS 0x0000000085700000| PB 0x0000000085700000| Untracked |  0
|  40|0x0000000085800000, 0x0000000085800000, 0x0000000085900000|  0%| F|  |TAMS 0x0000000085800000| PB 0x0000000085800000| Untracked |  0
|  41|0x0000000085900000, 0x0000000085900000, 0x0000000085a00000|  0%| F|  |TAMS 0x0000000085900000| PB 0x0000000085900000| Untracked |  0
|  42|0x0000000085a00000, 0x0000000085a00000, 0x0000000085b00000|  0%| F|  |TAMS 0x0000000085a00000| PB 0x0000000085a00000| Untracked |  0
|  43|0x0000000085b00000, 0x0000000085b00000, 0x0000000085c00000|  0%| F|  |TAMS 0x0000000085b00000| PB 0x0000000085b00000| Untracked |  0
|  44|0x0000000085c00000, 0x0000000085c00000, 0x0000000085d00000|  0%| F|  |TAMS 0x0000000085c00000| PB 0x0000000085c00000| Untracked |  0
|  45|0x0000000085d00000, 0x0000000085d00000, 0x0000000085e00000|  0%| F|  |TAMS 0x0000000085d00000| PB 0x0000000085d00000| Untracked |  0
|  46|0x0000000085e00000, 0x0000000085e00000, 0x0000000085f00000|  0%| F|  |TAMS 0x0000000085e00000| PB 0x0000000085e00000| Untracked |  0
|  47|0x0000000085f00000, 0x0000000085f00000, 0x0000000086000000|  0%| F|  |TAMS 0x0000000085f00000| PB 0x0000000085f00000| Untracked |  0
|  48|0x0000000086000000, 0x0000000086000000, 0x0000000086100000|  0%| F|  |TAMS 0x0000000086000000| PB 0x0000000086000000| Untracked |  0
|  49|0x0000000086100000, 0x0000000086100000, 0x0000000086200000|  0%| F|  |TAMS 0x0000000086100000| PB 0x0000000086100000| Untracked |  0
|  50|0x0000000086200000, 0x0000000086200000, 0x0000000086300000|  0%| F|  |TAMS 0x0000000086200000| PB 0x0000000086200000| Untracked |  0
|  51|0x0000000086300000, 0x0000000086300000, 0x0000000086400000|  0%| F|  |TAMS 0x0000000086300000| PB 0x0000000086300000| Untracked |  0
|  52|0x0000000086400000, 0x0000000086400000, 0x0000000086500000|  0%| F|  |TAMS 0x0000000086400000| PB 0x0000000086400000| Untracked |  0
|  53|0x0000000086500000, 0x0000000086500000, 0x0000000086600000|  0%| F|  |TAMS 0x0000000086500000| PB 0x0000000086500000| Untracked |  0
|  54|0x0000000086600000, 0x0000000086600000, 0x0000000086700000|  0%| F|  |TAMS 0x0000000086600000| PB 0x0000000086600000| Untracked |  0
|  55|0x0000000086700000, 0x0000000086700000, 0x0000000086800000|  0%| F|  |TAMS 0x0000000086700000| PB 0x0000000086700000| Untracked |  0
|  56|0x0000000086800000, 0x0000000086800000, 0x0000000086900000|  0%| F|  |TAMS 0x0000000086800000| PB 0x0000000086800000| Untracked |  0
|  57|0x0000000086900000, 0x0000000086900000, 0x0000000086a00000|  0%| F|  |TAMS 0x0000000086900000| PB 0x0000000086900000| Untracked |  0
|  58|0x0000000086a00000, 0x0000000086a00000, 0x0000000086b00000|  0%| F|  |TAMS 0x0000000086a00000| PB 0x0000000086a00000| Untracked |  0
|  59|0x0000000086b00000, 0x0000000086b00000, 0x0000000086c00000|  0%| F|  |TAMS 0x0000000086b00000| PB 0x0000000086b00000| Untracked |  0
|  60|0x0000000086c00000, 0x0000000086c00000, 0x0000000086d00000|  0%| F|  |TAMS 0x0000000086c00000| PB 0x0000000086c00000| Untracked |  0
|  61|0x0000000086d00000, 0x0000000086d00000, 0x0000000086e00000|  0%| F|  |TAMS 0x0000000086d00000| PB 0x0000000086d00000| Untracked |  0
|  62|0x0000000086e00000, 0x0000000086e00000, 0x0000000086f00000|  0%| F|  |TAMS 0x0000000086e00000| PB 0x0000000086e00000| Untracked |  0
|  63|0x0000000086f00000, 0x0000000086f00000, 0x0000000087000000|  0%| F|  |TAMS 0x0000000086f00000| PB 0x0000000086f00000| Untracked |  0
|  64|0x0000000087000000, 0x0000000087000000, 0x0000000087100000|  0%| F|  |TAMS 0x0000000087000000| PB 0x0000000087000000| Untracked |  0
|  65|0x0000000087100000, 0x0000000087100000, 0x0000000087200000|  0%| F|  |TAMS 0x0000000087100000| PB 0x0000000087100000| Untracked |  0
|  66|0x0000000087200000, 0x0000000087200000, 0x0000000087300000|  0%| F|  |TAMS 0x0000000087200000| PB 0x0000000087200000| Untracked |  0
|  67|0x0000000087300000, 0x0000000087300000, 0x0000000087400000|  0%| F|  |TAMS 0x0000000087300000| PB 0x0000000087300000| Untracked |  0
|  68|0x0000000087400000, 0x0000000087400000, 0x0000000087500000|  0%| F|  |TAMS 0x0000000087400000| PB 0x0000000087400000| Untracked |  0
|  69|0x0000000087500000, 0x0000000087500000, 0x0000000087600000|  0%| F|  |TAMS 0x0000000087500000| PB 0x0000000087500000| Untracked |  0
|  70|0x0000000087600000, 0x0000000087600000, 0x0000000087700000|  0%| F|  |TAMS 0x0000000087600000| PB 0x0000000087600000| Untracked |  0
|  71|0x0000000087700000, 0x0000000087700000, 0x0000000087800000|  0%| F|  |TAMS 0x0000000087700000| PB 0x0000000087700000| Untracked |  0
|  72|0x0000000087800000, 0x0000000087800000, 0x0000000087900000|  0%| F|  |TAMS 0x0000000087800000| PB 0x0000000087800000| Untracked |  0
|  73|0x0000000087900000, 0x0000000087900000, 0x0000000087a00000|  0%| F|  |TAMS 0x0000000087900000| PB 0x0000000087900000| Untracked |  0
|  74|0x0000000087a00000, 0x0000000087a00000, 0x0000000087b00000|  0%| F|  |TAMS 0x0000000087a00000| PB 0x0000000087a00000| Untracked |  0
|  75|0x0000000087b00000, 0x0000000087b00000, 0x0000000087c00000|  0%| F|  |TAMS 0x0000000087b00000| PB 0x0000000087b00000| Untracked |  0
|  76|0x0000000087c00000, 0x0000000087c00000, 0x0000000087d00000|  0%| F|  |TAMS 0x0000000087c00000| PB 0x0000000087c00000| Untracked |  0
|  77|0x0000000087d00000, 0x0000000087d00000, 0x0000000087e00000|  0%| F|  |TAMS 0x0000000087d00000| PB 0x0000000087d00000| Untracked |  0
|  78|0x0000000087e00000, 0x0000000087e00000, 0x0000000087f00000|  0%| F|  |TAMS 0x0000000087e00000| PB 0x0000000087e00000| Untracked |  0
|  79|0x0000000087f00000, 0x0000000087f00000, 0x0000000088000000|  0%| F|  |TAMS 0x0000000087f00000| PB 0x0000000087f00000| Untracked |  0
|  80|0x0000000088000000, 0x0000000088000000, 0x0000000088100000|  0%| F|  |TAMS 0x0000000088000000| PB 0x0000000088000000| Untracked |  0
|  81|0x0000000088100000, 0x0000000088100000, 0x0000000088200000|  0%| F|  |TAMS 0x0000000088100000| PB 0x0000000088100000| Untracked |  0
|  82|0x0000000088200000, 0x0000000088200000, 0x0000000088300000|  0%| F|  |TAMS 0x0000000088200000| PB 0x0000000088200000| Untracked |  0
|  83|0x0000000088300000, 0x0000000088300000, 0x0000000088400000|  0%| F|  |TAMS 0x0000000088300000| PB 0x0000000088300000| Untracked |  0
|  84|0x0000000088400000, 0x0000000088400000, 0x0000000088500000|  0%| F|  |TAMS 0x0000000088400000| PB 0x0000000088400000| Untracked |  0
|  85|0x0000000088500000, 0x0000000088500000, 0x0000000088600000|  0%| F|  |TAMS 0x0000000088500000| PB 0x0000000088500000| Untracked |  0
|  86|0x0000000088600000, 0x0000000088600000, 0x0000000088700000|  0%| F|  |TAMS 0x0000000088600000| PB 0x0000000088600000| Untracked |  0
|  87|0x0000000088700000, 0x0000000088700000, 0x0000000088800000|  0%| F|  |TAMS 0x0000000088700000| PB 0x0000000088700000| Untracked |  0
|  88|0x0000000088800000, 0x0000000088800000, 0x0000000088900000|  0%| F|  |TAMS 0x0000000088800000| PB 0x0000000088800000| Untracked |  0
|  89|0x0000000088900000, 0x0000000088900000, 0x0000000088a00000|  0%| F|  |TAMS 0x0000000088900000| PB 0x0000000088900000| Untracked |  0
|  90|0x0000000088a00000, 0x0000000088a00000, 0x0000000088b00000|  0%| F|  |TAMS 0x0000000088a00000| PB 0x0000000088a00000| Untracked |  0
|  91|0x0000000088b00000, 0x0000000088b00000, 0x0000000088c00000|  0%| F|  |TAMS 0x0000000088b00000| PB 0x0000000088b00000| Untracked |  0
|  92|0x0000000088c00000, 0x0000000088d00000, 0x0000000088d00000|100%| E|  |TAMS 0x0000000088c00000| PB 0x0000000088c00000| Complete |  0
|  93|0x0000000088d00000, 0x0000000088e00000, 0x0000000088e00000|100%| E|CS|TAMS 0x0000000088d00000| PB 0x0000000088d00000| Complete |  0
|  94|0x0000000088e00000, 0x0000000088f00000, 0x0000000088f00000|100%| E|CS|TAMS 0x0000000088e00000| PB 0x0000000088e00000| Complete |  0
|  95|0x0000000088f00000, 0x0000000089000000, 0x0000000089000000|100%| E|CS|TAMS 0x0000000088f00000| PB 0x0000000088f00000| Complete |  0
|  96|0x0000000089000000, 0x0000000089100000, 0x0000000089100000|100%| E|CS|TAMS 0x0000000089000000| PB 0x0000000089000000| Complete |  0
|  97|0x0000000089100000, 0x0000000089200000, 0x0000000089200000|100%| E|CS|TAMS 0x0000000089100000| PB 0x0000000089100000| Complete |  0
|  98|0x0000000089200000, 0x0000000089300000, 0x0000000089300000|100%| E|CS|TAMS 0x0000000089200000| PB 0x0000000089200000| Complete |  0
|  99|0x0000000089300000, 0x0000000089400000, 0x0000000089400000|100%| E|CS|TAMS 0x0000000089300000| PB 0x0000000089300000| Complete |  0
| 100|0x0000000089400000, 0x0000000089500000, 0x0000000089500000|100%| E|CS|TAMS 0x0000000089400000| PB 0x0000000089400000| Complete |  0
| 101|0x0000000089500000, 0x0000000089600000, 0x0000000089600000|100%| E|CS|TAMS 0x0000000089500000| PB 0x0000000089500000| Complete |  0
| 102|0x0000000089600000, 0x0000000089700000, 0x0000000089700000|100%| E|CS|TAMS 0x0000000089600000| PB 0x0000000089600000| Complete |  0
| 103|0x0000000089700000, 0x0000000089800000, 0x0000000089800000|100%| E|CS|TAMS 0x0000000089700000| PB 0x0000000089700000| Complete |  0
| 104|0x0000000089800000, 0x0000000089900000, 0x0000000089900000|100%| E|CS|TAMS 0x0000000089800000| PB 0x0000000089800000| Complete |  0
| 105|0x0000000089900000, 0x0000000089a00000, 0x0000000089a00000|100%| E|CS|TAMS 0x0000000089900000| PB 0x0000000089900000| Complete |  0
| 106|0x0000000089a00000, 0x0000000089b00000, 0x0000000089b00000|100%| E|CS|TAMS 0x0000000089a00000| PB 0x0000000089a00000| Complete |  0
| 107|0x0000000089b00000, 0x0000000089c00000, 0x0000000089c00000|100%| E|CS|TAMS 0x0000000089b00000| PB 0x0000000089b00000| Complete |  0
| 108|0x0000000089c00000, 0x0000000089d00000, 0x0000000089d00000|100%| E|CS|TAMS 0x0000000089c00000| PB 0x0000000089c00000| Complete |  0
| 109|0x0000000089d00000, 0x0000000089e00000, 0x0000000089e00000|100%| E|CS|TAMS 0x0000000089d00000| PB 0x0000000089d00000| Complete |  0
| 110|0x0000000089e00000, 0x0000000089f00000, 0x0000000089f00000|100%| E|CS|TAMS 0x0000000089e00000| PB 0x0000000089e00000| Complete |  0
| 111|0x0000000089f00000, 0x000000008a000000, 0x000000008a000000|100%| E|CS|TAMS 0x0000000089f00000| PB 0x0000000089f00000| Complete |  0
| 112|0x000000008a000000, 0x000000008a100000, 0x000000008a100000|100%| E|CS|TAMS 0x000000008a000000| PB 0x000000008a000000| Complete |  0
| 113|0x000000008a100000, 0x000000008a200000, 0x000000008a200000|100%| E|CS|TAMS 0x000000008a100000| PB 0x000000008a100000| Complete |  0
| 114|0x000000008a200000, 0x000000008a300000, 0x000000008a300000|100%| E|CS|TAMS 0x000000008a200000| PB 0x000000008a200000| Complete |  0
| 115|0x000000008a300000, 0x000000008a400000, 0x000000008a400000|100%| E|CS|TAMS 0x000000008a300000| PB 0x000000008a300000| Complete |  0
| 116|0x000000008a400000, 0x000000008a500000, 0x000000008a500000|100%| E|CS|TAMS 0x000000008a400000| PB 0x000000008a400000| Complete |  0
| 117|0x000000008a500000, 0x000000008a600000, 0x000000008a600000|100%| E|CS|TAMS 0x000000008a500000| PB 0x000000008a500000| Complete |  0
| 118|0x000000008a600000, 0x000000008a700000, 0x000000008a700000|100%| E|CS|TAMS 0x000000008a600000| PB 0x000000008a600000| Complete |  0
| 119|0x000000008a700000, 0x000000008a800000, 0x000000008a800000|100%| E|CS|TAMS 0x000000008a700000| PB 0x000000008a700000| Complete |  0
| 120|0x000000008a800000, 0x000000008a900000, 0x000000008a900000|100%| E|CS|TAMS 0x000000008a800000| PB 0x000000008a800000| Complete |  0
| 121|0x000000008a900000, 0x000000008aa00000, 0x000000008aa00000|100%| E|CS|TAMS 0x000000008a900000| PB 0x000000008a900000| Complete |  0
| 122|0x000000008aa00000, 0x000000008ab00000, 0x000000008ab00000|100%| E|CS|TAMS 0x000000008aa00000| PB 0x000000008aa00000| Complete |  0
| 123|0x000000008ab00000, 0x000000008ac00000, 0x000000008ac00000|100%| E|CS|TAMS 0x000000008ab00000| PB 0x000000008ab00000| Complete |  0
| 124|0x000000008ac00000, 0x000000008ad00000, 0x000000008ad00000|100%| E|CS|TAMS 0x000000008ac00000| PB 0x000000008ac00000| Complete |  0
| 125|0x000000008ad00000, 0x000000008ae00000, 0x000000008ae00000|100%| E|CS|TAMS 0x000000008ad00000| PB 0x000000008ad00000| Complete |  0
|1998|0x00000000ffe00000, 0x00000000fff00000, 0x00000000fff00000|100%| O|  |TAMS 0x00000000ffe00000| PB 0x00000000ffe00000| Untracked |  0
|1999|0x00000000fff00000, 0x00000000fff1c348, 0x0000000100000000| 11%| O|  |TAMS 0x00000000fff00000| PB 0x00000000fff00000| Untracked |  0

Card table byte_map: [0x00000287f1d00000,0x00000287f20f0000] _byte_map_base: 0x00000287f18e8000

Marking Bits: (CMBitMap*) 0x00000287e7bc9130
 Bits: [0x00000287f20f0000, 0x00000287f4030000)

Polling page: 0x00000287e5ec0000

Metaspace:

Usage:
  Non-class:      6.87 MB used.
      Class:    736.55 KB used.
       Both:      7.58 MB used.

Virtual space:
  Non-class space:       64.00 MB reserved,       7.00 MB ( 11%) committed,  1 nodes.
      Class space:        1.00 GB reserved,     832.00 KB ( <1%) committed,  1 nodes.
             Both:        1.06 GB reserved,       7.81 MB ( <1%) committed. 

Chunk freelists:
   Non-Class:  8.92 MB
       Class:  15.20 MB
        Both:  24.12 MB

MaxMetaspaceSize: unlimited
CompressedClassSpaceSize: 1.00 GB
Initial GC threshold: 21.00 MB
Current GC threshold: 21.00 MB
CDS: on
 - commit_granule_bytes: 65536.
 - commit_granule_words: 8192.
 - virtual_space_node_default_size: 8388608.
 - enlarge_chunks_in_place: 1.
UseCompressedClassPointers 1, UseCompactObjectHeaders 0
Narrow klass pointer bits 32, Max shift 3
Narrow klass base: 0x000002878f000000, Narrow klass shift: 0
Encoding Range: [0x000002878f000000 - 0x000002888f000000), (4294967296 bytes)
Klass Range:    [0x000002878f000000 - 0x00000287d0000000), (1090519040 bytes)
Klass ID Range:  [8 - 1090519033) (1090519025)


Internal statistics:

num_allocs_failed_limit: 0.
num_arena_births: 180.
num_arena_deaths: 0.
num_vsnodes_births: 2.
num_vsnodes_deaths: 0.
num_space_committed: 125.
num_space_uncommitted: 0.
num_chunks_returned_to_freelist: 0.
num_chunks_taken_from_freelist: 229.
num_chunk_merges: 0.
num_chunk_splits: 138.
num_chunks_enlarged: 60.
num_inconsistent_stats: 0.

CodeHeap 'non-profiled nmethods': size=120064Kb used=682Kb max_used=682Kb free=119381Kb
 bounds [0x0000028787ac0000, 0x0000028787d30000, 0x000002878f000000]
CodeHeap 'profiled nmethods': size=120000Kb used=2466Kb max_used=2466Kb free=117533Kb
 bounds [0x0000028780000000, 0x0000028780270000, 0x0000028787530000]
CodeHeap 'non-nmethods': size=5696Kb used=1451Kb max_used=1588Kb free=4244Kb
 bounds [0x0000028787530000, 0x00000287877a0000, 0x0000028787ac0000]
CodeCache: size=245760Kb, used=4599Kb, max_used=4736Kb, free=241158Kb
 total_blobs=2388, nmethods=1889, adapters=404, full_count=0
Compilation: enabled, stopped_count=0, restarted_count=0

Compilation events (20 events):
Event: 1.444 Thread 0x00000287e7d23690 nmethod 1778 0x0000028780234508 code [0x0000028780234640, 0x0000028780234968]
Event: 1.444 Thread 0x00000287e7d23690 1779       3       java.lang.invoke.VarHandleByteArrayAsInts$ArrayHandle::set (39 bytes)
Event: 1.444 Thread 0x00000287e7d16780 nmethod 1781 0x0000028787b61288 code [0x0000028787b61380, 0x0000028787b613f0]
Event: 1.444 Thread 0x00000287e7d23690 nmethod 1779 0x0000028780234a08 code [0x0000028780234b40, 0x0000028780234fe8]
Event: 1.445 Thread 0x00000287e7d23690 1780       3       jdk.internal.misc.Unsafe::putIntUnaligned (14 bytes)
Event: 1.445 Thread 0x00000287e7d23690 nmethod 1780 0x0000028780235088 code [0x00000287802351a0, 0x00000287802353d8]
Event: 1.446 Thread 0x00000287e7d23690 1782       3       java.util.ArrayList::toArray (57 bytes)
Event: 1.447 Thread 0x00000287e7d23690 nmethod 1782 0x0000028780235408 code [0x0000028780235560, 0x0000028780235b28]
Event: 1.449 Thread 0x00000287e7d23690 1783       3       java.lang.reflect.Modifier::isFinal (13 bytes)
Event: 1.449 Thread 0x00000287e7d23690 nmethod 1783 0x0000028780235b88 code [0x0000028780235ca0, 0x0000028780235dd8]
Event: 1.451 Thread 0x00000287e7d16780 1784       4       jdk.internal.misc.Unsafe::convEndian (16 bytes)
Event: 1.452 Thread 0x00000287e7d23690 1785       3       java.lang.invoke.VarHandleByteArrayAsLongs$ArrayHandle::index (13 bytes)
Event: 1.452 Thread 0x00000287e7d23690 nmethod 1785 0x0000028780235e88 code [0x0000028780235fa0, 0x00000287802360e0]
Event: 1.452 Thread 0x00000287e7d23690 1786       3       jdk.internal.misc.Unsafe::convEndian (16 bytes)
Event: 1.452 Thread 0x00000287e7d16780 nmethod 1784 0x0000028787b61588 code [0x0000028787b61680, 0x0000028787b616f8]
Event: 1.452 Thread 0x00000287e7d23690 nmethod 1786 0x0000028780236188 code [0x00000287802362a0, 0x0000028780236400]
Event: 1.452 Thread 0x00000287e7d23690 1787       3       java.lang.Long::reverseBytes (46 bytes)
Event: 1.452 Thread 0x00000287e7d23690 nmethod 1787 0x0000028780236488 code [0x00000287802365a0, 0x00000287802366f0]
Event: 1.454 Thread 0x00000287e7d23690 1788       1       java.util.concurrent.locks.AbstractOwnableSynchronizer::setExclusiveOwnerThread (6 bytes)
Event: 1.454 Thread 0x00000287e7d23690 nmethod 1788 0x0000028787b61888 code [0x0000028787b619a0, 0x0000028787b61ab0]

GC Heap History (0 events):
No events

Dll operation events (11 events):
Event: 0.065 Loaded shared library C:\Users\asus\.jdks\openjdk-24\bin\java.dll
Event: 0.120 Loaded shared library C:\Users\asus\.jdks\openjdk-24\bin\jsvml.dll
Event: 0.201 Loaded shared library C:\Users\asus\.jdks\openjdk-24\bin\net.dll
Event: 0.204 Loaded shared library C:\Users\asus\.jdks\openjdk-24\bin\nio.dll
Event: 0.214 Loaded shared library C:\Users\asus\.jdks\openjdk-24\bin\zip.dll
Event: 0.423 Loaded shared library C:\Users\asus\.jdks\openjdk-24\bin\zip.dll
Event: 0.440 Loaded shared library C:\Users\asus\.jdks\openjdk-24\bin\instrument.dll
Event: 0.531 Loaded shared library C:\Users\asus\.jdks\openjdk-24\bin\jimage.dll
Event: 0.604 Loaded shared library C:\Users\asus\.jdks\openjdk-24\bin\extnet.dll
Event: 0.709 Loaded shared library C:\Users\asus\.jdks\openjdk-24\bin\management.dll
Event: 0.746 Loaded shared library C:\Users\asus\.jdks\openjdk-24\bin\management_ext.dll

Deoptimization events (20 events):
Event: 1.351 Thread 0x00000287e809e520 Uncommon trap: trap_request=0xffffff4d fr.pc=0x0000028787b54a34 relative=0x0000000000000214
Event: 1.351 Thread 0x00000287e809e520 Uncommon trap: reason=unstable_if action=reinterpret pc=0x0000028787b54a34 method=java.io.ByteArrayOutputStream.ensureCapacity(I)V @ 11 c2
Event: 1.351 Thread 0x00000287e809e520 DEOPT PACKING pc=0x0000028787b54a34 sp=0x00000097359fdf20
Event: 1.351 Thread 0x00000287e809e520 DEOPT UNPACKING pc=0x0000028787653282 sp=0x00000097359fde68 mode 2
Event: 1.356 Thread 0x00000287e7d10410 Uncommon trap: trap_request=0xffffff4d fr.pc=0x0000028787b3e174 relative=0x0000000000000334
Event: 1.356 Thread 0x00000287e7d10410 Uncommon trap: reason=unstable_if action=reinterpret pc=0x0000028787b3e174 method=java.util.HashMap.getNode(Ljava/lang/Object;)Ljava/util/HashMap$Node; @ 66 c2
Event: 1.356 Thread 0x00000287e7d10410 DEOPT PACKING pc=0x0000028787b3e174 sp=0x00000097364fda40
Event: 1.356 Thread 0x00000287e7d10410 DEOPT UNPACKING pc=0x0000028787653282 sp=0x00000097364fd980 mode 2
Event: 1.356 Thread 0x00000287e7d10410 Uncommon trap: trap_request=0xffffffde fr.pc=0x0000028787b0e090 relative=0x00000000000010d0
Event: 1.356 Thread 0x00000287e7d10410 Uncommon trap: reason=class_check action=maybe_recompile pc=0x0000028787b0e090 method=java.util.HashMap.putVal(ILjava/lang/Object;Ljava/lang/Object;ZZ)Ljava/lang/Object; @ 91 c2
Event: 1.356 Thread 0x00000287e7d10410 DEOPT PACKING pc=0x0000028787b0e090 sp=0x00000097364fd9b0
Event: 1.356 Thread 0x00000287e7d10410 DEOPT UNPACKING pc=0x0000028787653282 sp=0x00000097364fd960 mode 2
Event: 1.382 Thread 0x00000287e7d10410 Uncommon trap: trap_request=0xffffff4d fr.pc=0x0000028787b54264 relative=0x0000000000000064
Event: 1.382 Thread 0x00000287e7d10410 Uncommon trap: reason=unstable_if action=reinterpret pc=0x0000028787b54264 method=java.io.ByteArrayOutputStream.ensureCapacity(I)V @ 11 c2
Event: 1.382 Thread 0x00000287e7d10410 DEOPT PACKING pc=0x0000028787b54264 sp=0x00000097364fe700
Event: 1.382 Thread 0x00000287e7d10410 DEOPT UNPACKING pc=0x0000028787653282 sp=0x00000097364fe690 mode 2
Event: 1.433 Thread 0x00000287d57e19b0 Uncommon trap: trap_request=0xffffff4d fr.pc=0x0000028787b5ee34 relative=0x0000000000000494
Event: 1.433 Thread 0x00000287d57e19b0 Uncommon trap: reason=unstable_if action=reinterpret pc=0x0000028787b5ee34 method=java.lang.StringLatin1.indexOf([BI[BII)I @ 27 c2
Event: 1.434 Thread 0x00000287d57e19b0 DEOPT PACKING pc=0x0000028787b5ee34 sp=0x00000097370fd3e0
Event: 1.434 Thread 0x00000287d57e19b0 DEOPT UNPACKING pc=0x0000028787653282 sp=0x00000097370fd350 mode 2

Classes loaded (20 events):
Event: 1.449 Loading class java/util/concurrent/Executors
Event: 1.450 Loading class java/util/concurrent/Executors done
Event: 1.450 Loading class java/util/concurrent/Executors$RunnableAdapter
Event: 1.450 Loading class java/util/concurrent/Executors$RunnableAdapter done
Event: 1.451 Loading class sun/rmi/transport/SequenceEntry
Event: 1.451 Loading class sun/rmi/transport/SequenceEntry done
Event: 1.451 Loading class java/util/concurrent/locks/AbstractQueuedSynchronizer$ExclusiveNode
Event: 1.451 Loading class java/util/concurrent/locks/AbstractQueuedSynchronizer$Node
Event: 1.451 Loading class java/util/concurrent/locks/AbstractQueuedSynchronizer$Node done
Event: 1.451 Loading class java/util/concurrent/locks/AbstractQueuedSynchronizer$ExclusiveNode done
Event: 1.452 Loading class java/util/concurrent/locks/AbstractQueuedSynchronizer$ConditionNode
Event: 1.452 Loading class java/util/concurrent/locks/AbstractQueuedSynchronizer$ConditionNode done
Event: 1.452 Loading class java/io/ObjectStreamClass$MemberSignature
Event: 1.453 Loading class java/io/ObjectStreamClass$MemberSignature done
Event: 1.453 Loading class java/io/ObjectStreamClass$1
Event: 1.453 Loading class java/io/ObjectStreamClass$1 done
Event: 1.453 Loading class java/io/ObjectStreamClass$2
Event: 1.453 Loading class java/io/ObjectStreamClass$2 done
Event: 1.453 Loading class java/io/ObjectStreamClass$3
Event: 1.453 Loading class java/io/ObjectStreamClass$3 done

Classes unloaded (0 events):
No events

Classes redefined (0 events):
No events

Internal exceptions (20 events):
Event: 0.741 Thread 0x00000287e809e520 Implicit null exception at 0x0000028787ae3a9d to 0x0000028787ae3b1d
Event: 0.756 Thread 0x00000287e7d10410 Exception <a 'java/lang/NoSuchMethodError'{0x000000008a190fa0}: 'int java.lang.invoke.DirectMethodHandle$Holder.invokeInterface(java.lang.Object, java.lang.Object)'> (0x000000008a190fa0) 
thrown [s\open\src\hotspot\share\interpreter\linkResolver.cpp, line 805]
Event: 0.757 Thread 0x00000287e7d10410 Exception <a 'java/lang/IncompatibleClassChangeError'{0x000000008a198c20}: Found class java.lang.Object, but interface was expected> (0x000000008a198c20) 
thrown [s\open\src\hotspot\share\interpreter\linkResolver.cpp, line 872]
Event: 0.783 Thread 0x00000287e809e520 Exception <a 'java/lang/NoSuchMethodError'{0x000000008a045718}: 'void java.lang.invoke.DirectMethodHandle$Holder.invokeStaticInit(java.lang.Object)'> (0x000000008a045718) 
thrown [s\open\src\hotspot\share\interpreter\linkResolver.cpp, line 805]
Event: 0.843 Thread 0x00000287e809e520 Exception <a 'java/lang/NoSuchMethodError'{0x000000008a0affb0}: 'void java.lang.invoke.DirectMethodHandle$Holder.invokeSpecial(java.lang.Object, java.lang.Object, java.lang.Object)'> (0x000000008a0affb0) 
thrown [s\open\src\hotspot\share\interpreter\linkResolver.cpp, line 805]
Event: 0.874 Thread 0x00000287e809e520 Exception <a 'java/lang/NoSuchMethodError'{0x0000000089f979e0}: 'java.lang.Object java.lang.invoke.DirectMethodHandle$Holder.newInvokeSpecial(java.lang.Object, java.lang.Object, java.lang.Object, java.lang.Object, java.lang.Object)'> (0x0000000089f979e0) 
thrown [s\open\src\hotspot\share\interpreter\linkResolver.cpp, line 805]
Event: 0.878 Thread 0x00000287e7d10410 Exception <a 'java/lang/NoSuchMethodError'{0x0000000089f21d50}: 'int java.lang.invoke.DirectMethodHandle$Holder.invokeSpecial(java.lang.Object, java.lang.Object, java.lang.Object)'> (0x0000000089f21d50) 
thrown [s\open\src\hotspot\share\interpreter\linkResolver.cpp, line 805]
Event: 0.995 Thread 0x00000287e809e520 Exception <a 'java/lang/NoSuchMethodError'{0x0000000089cb1b78}: 'long java.lang.invoke.DirectMethodHandle$Holder.invokeVirtual(java.lang.Object, java.lang.Object)'> (0x0000000089cb1b78) 
thrown [s\open\src\hotspot\share\interpreter\linkResolver.cpp, line 805]
Event: 1.242 Thread 0x00000287e809e520 Exception <a 'java/lang/NoSuchMethodError'{0x00000000895cdd08}: 'void java.lang.invoke.DirectMethodHandle$Holder.invokeSpecial(java.lang.Object, java.lang.Object, int)'> (0x00000000895cdd08) 
thrown [s\open\src\hotspot\share\interpreter\linkResolver.cpp, line 805]
Event: 1.243 Thread 0x00000287e809e520 Exception <a 'java/lang/NoSuchMethodError'{0x00000000895d5928}: 'void java.lang.invoke.Invokers$Holder.invokeExact_MT(java.lang.Object, int, java.lang.Object)'> (0x00000000895d5928) 
thrown [s\open\src\hotspot\share\interpreter\linkResolver.cpp, line 805]
Event: 1.250 Thread 0x00000287e809e520 Exception <a 'java/lang/NoSuchMethodError'{0x00000000895f0258}: 'void java.lang.invoke.DirectMethodHandle$Holder.invokeStatic(java.lang.Object, java.lang.Object, int)'> (0x00000000895f0258) 
thrown [s\open\src\hotspot\share\interpreter\linkResolver.cpp, line 805]
Event: 1.252 Thread 0x00000287e809e520 Exception <a 'java/lang/NoSuchMethodError'{0x00000000895ff348}: 'java.lang.Object java.lang.invoke.DirectMethodHandle$Holder.newInvokeSpecial(java.lang.Object, java.lang.Object, int)'> (0x00000000895ff348) 
thrown [s\open\src\hotspot\share\interpreter\linkResolver.cpp, line 805]
Event: 1.265 Thread 0x00000287e7d10410 Exception <a 'java/lang/NoSuchMethodError'{0x00000000893214c8}: 'java.lang.Object java.lang.invoke.DirectMethodHandle$Holder.invokeStaticInit(java.lang.Object, int, int, int, int)'> (0x00000000893214c8) 
thrown [s\open\src\hotspot\share\interpreter\linkResolver.cpp, line 805]
Event: 1.271 Thread 0x00000287e809e520 Exception <a 'sun/nio/fs/WindowsException'{0x0000000089433f80}> (0x0000000089433f80) 
thrown [s\open\src\hotspot\share\prims\jni.cpp, line 518]
Event: 1.276 Thread 0x00000287e809e520 Exception <a 'sun/nio/fs/WindowsException'{0x0000000089440d68}> (0x0000000089440d68) 
thrown [s\open\src\hotspot\share\prims\jni.cpp, line 518]
Event: 1.283 Thread 0x00000287e809e520 Exception <a 'sun/nio/fs/WindowsException'{0x0000000089452b30}> (0x0000000089452b30) 
thrown [s\open\src\hotspot\share\prims\jni.cpp, line 518]
Event: 1.307 Thread 0x00000287e7d10410 Exception <a 'java/lang/NoSuchMethodError'{0x00000000893e9f98}: 'java.lang.Object java.lang.invoke.DirectMethodHandle$Holder.invokeStaticInit(java.lang.Object, java.lang.Object, int, int, int, int)'> (0x00000000893e9f98) 
thrown [s\open\src\hotspot\share\interpreter\linkResolver.cpp, line 805]
Event: 1.345 Thread 0x00000287e7d10410 Exception <a 'java/lang/ClassNotFoundException'{0x0000000089014a70}: javax/management/remote/rmi/RMIServerImpl_Skel> (0x0000000089014a70) 
thrown [s\open\src\hotspot\share\classfile\systemDictionary.cpp, line 327]
Event: 1.374 Thread 0x00000287e7d10410 Exception <a 'java/lang/NoSuchMethodError'{0x0000000089026388}: 'long java.lang.invoke.Invokers$Holder.invokeExact_MT(java.lang.Object, java.lang.Object)'> (0x0000000089026388) 
thrown [s\open\src\hotspot\share\interpreter\linkResolver.cpp, line 805]
Event: 1.453 Thread 0x00000287d57e19b0 Exception <a 'java/lang/NoSuchMethodError'{0x0000000088e47670}: static [B.<clinit>()V> (0x0000000088e47670) 
thrown [s\open\src\hotspot\share\prims\jni.cpp, line 1108]

VM Operations (14 events):
Event: 0.216 Executing VM operation: HandshakeAllThreads (Deoptimize)
Event: 0.216 Executing VM operation: HandshakeAllThreads (Deoptimize) done
Event: 0.391 Executing VM operation: HandshakeAllThreads (Deoptimize)
Event: 0.391 Executing VM operation: HandshakeAllThreads (Deoptimize) done
Event: 0.626 Executing VM operation: HandshakeAllThreads (Deoptimize)
Event: 0.627 Executing VM operation: HandshakeAllThreads (Deoptimize) done
Event: 0.690 Executing VM operation: HandshakeAllThreads (Deoptimize)
Event: 0.690 Executing VM operation: HandshakeAllThreads (Deoptimize) done
Event: 1.255 Executing VM operation: HandshakeAllThreads (Deoptimize)
Event: 1.256 Executing VM operation: HandshakeAllThreads (Deoptimize) done
Event: 1.263 Executing VM operation: HandshakeAllThreads (Deoptimize)
Event: 1.264 Executing VM operation: HandshakeAllThreads (Deoptimize) done
Event: 1.360 Executing VM operation: JFRSafepointClear
Event: 1.360 Executing VM operation: JFRSafepointClear done

Memory protections (0 events):
No events

Nmethod flushes (0 events):
No events

Events (18 events):
Event: 0.089 Thread 0x00000287e809e520 Thread added: 0x00000287e809e520
Event: 0.114 Thread 0x00000287e809e520 Thread added: 0x00000287e7cfe810
Event: 0.114 Thread 0x00000287e809e520 Thread added: 0x00000287e7d0c510
Event: 0.115 Thread 0x00000287e809e520 Thread added: 0x00000287e7d0f7f0
Event: 0.115 Thread 0x00000287e809e520 Thread added: 0x00000287e7d10410
Event: 0.115 Thread 0x00000287e809e520 Thread added: 0x00000287e7d114b0
Event: 0.115 Thread 0x00000287e809e520 Thread added: 0x00000287e7d12570
Event: 0.115 Thread 0x00000287e809e520 Thread added: 0x00000287e7d16780
Event: 0.115 Thread 0x00000287e809e520 Thread added: 0x00000287e7d23690
Event: 0.179 Thread 0x00000287e809e520 Thread added: 0x00000287d0173930
Event: 0.309 Thread 0x00000287e7d23690 Thread added: 0x00000287d02b21b0
Event: 0.320 Thread 0x00000287e7d16780 Thread added: 0x00000287d0298a00
Event: 0.564 Thread 0x00000287e809e520 Thread added: 0x00000287d5249930
Event: 0.768 Thread 0x00000287e809e520 Thread added: 0x00000287d5c45970
Event: 1.253 Thread 0x00000287e809e520 Thread added: 0x00000287d7297e10
Event: 1.364 Thread 0x00000287e7d10410 Thread added: 0x00000287d58d52e0
Event: 1.408 Thread 0x00000287d58d52e0 Thread added: 0x00000287d57e19b0
Event: 1.451 Thread 0x00000287d57e19b0 Thread added: 0x00000287d50bcda0


Dynamic libraries:
0x00007ff7a4630000 - 0x00007ff7a463e000 	C:\Users\asus\.jdks\openjdk-24\bin\java.exe
0x00007ff88f820000 - 0x00007ff88fa27000 	C:\Windows\SYSTEM32\ntdll.dll
0x00007ff88df30000 - 0x00007ff88dfed000 	C:\Windows\System32\KERNEL32.DLL
0x00007ff88d100000 - 0x00007ff88d472000 	C:\Windows\System32\KERNELBASE.dll
0x00007ff88cdb0000 - 0x00007ff88cec1000 	C:\Windows\System32\ucrtbase.dll
0x00007ff878970000 - 0x00007ff878986000 	C:\Users\asus\.jdks\openjdk-24\bin\jli.dll
0x00007ff8779e0000 - 0x00007ff8779fb000 	C:\Users\asus\.jdks\openjdk-24\bin\VCRUNTIME140.dll
0x00007ff88dbe0000 - 0x00007ff88dd8c000 	C:\Windows\System32\USER32.dll
0x00007ff8752b0000 - 0x00007ff875555000 	C:\Windows\WinSxS\amd64_microsoft.windows.common-controls_6595b64144ccf1df_6.0.21996.1_none_7d6b053978bcd706\COMCTL32.dll
0x00007ff88d5a0000 - 0x00007ff88d5c6000 	C:\Windows\System32\win32u.dll
0x00007ff88d8d0000 - 0x00007ff88d973000 	C:\Windows\System32\msvcrt.dll
0x00007ff88d6f0000 - 0x00007ff88d719000 	C:\Windows\System32\GDI32.dll
0x00007ff88d5d0000 - 0x00007ff88d6e2000 	C:\Windows\System32\gdi32full.dll
0x00007ff88d500000 - 0x00007ff88d59d000 	C:\Windows\System32\msvcp_win.dll
0x00007ff88db20000 - 0x00007ff88db51000 	C:\Windows\System32\IMM32.DLL
0x00007ff87a0a0000 - 0x00007ff87a0ac000 	C:\Users\asus\.jdks\openjdk-24\bin\vcruntime140_1.dll
0x00007ff871ea0000 - 0x00007ff871f2e000 	C:\Users\asus\.jdks\openjdk-24\bin\msvcp140.dll
0x00007ff859680000 - 0x00007ff85a422000 	C:\Users\asus\.jdks\openjdk-24\bin\server\jvm.dll
0x00007ff88de80000 - 0x00007ff88df2c000 	C:\Windows\System32\ADVAPI32.dll
0x00007ff88e1a0000 - 0x00007ff88e23d000 	C:\Windows\System32\sechost.dll
0x00007ff88d720000 - 0x00007ff88d841000 	C:\Windows\System32\RPCRT4.dll
0x00007ff88f1a0000 - 0x00007ff88f20f000 	C:\Windows\System32\WS2_32.dll
0x00007ff8867d0000 - 0x00007ff886803000 	C:\Windows\SYSTEM32\WINMM.dll
0x00007ff88bf30000 - 0x00007ff88bf7d000 	C:\Windows\SYSTEM32\POWRPROF.dll
0x00007ff887790000 - 0x00007ff88779a000 	C:\Windows\SYSTEM32\VERSION.dll
0x00007ff88bf10000 - 0x00007ff88bf23000 	C:\Windows\SYSTEM32\UMPDC.dll
0x00007ff88bef0000 - 0x00007ff88bf07000 	C:\Windows\SYSTEM32\kernel.appcore.dll
0x00007ff878960000 - 0x00007ff87896a000 	C:\Users\asus\.jdks\openjdk-24\bin\jimage.dll
0x00007ff88a7e0000 - 0x00007ff88aa01000 	C:\Windows\SYSTEM32\DBGHELP.DLL
0x00007ff874c50000 - 0x00007ff874c81000 	C:\Windows\SYSTEM32\dbgcore.DLL
0x00007ff88d480000 - 0x00007ff88d500000 	C:\Windows\System32\bcryptPrimitives.dll
0x00007ff8775a0000 - 0x00007ff8775af000 	C:\Users\asus\.jdks\openjdk-24\bin\instrument.dll
0x00007ff877550000 - 0x00007ff87756e000 	C:\Users\asus\.jdks\openjdk-24\bin\java.dll
0x00007ff88d980000 - 0x00007ff88db1a000 	C:\Windows\System32\ole32.dll
0x00007ff88ed70000 - 0x00007ff88f0e5000 	C:\Windows\System32\combase.dll
0x00007ff88e430000 - 0x00007ff88eb99000 	C:\Windows\System32\SHELL32.dll
0x00007ff829a90000 - 0x00007ff829c9e000 	C:\Users\asus\AppData\Local\Temp\idea_libasyncProfiler_dll_temp_folder1\libasyncProfiler.dll
0x00007ff88af00000 - 0x00007ff88b758000 	C:\Windows\SYSTEM32\windows.storage.dll
0x00007ff88ad90000 - 0x00007ff88aef6000 	C:\Windows\SYSTEM32\wintypes.dll
0x00007ff88e320000 - 0x00007ff88e40a000 	C:\Windows\System32\SHCORE.dll
0x00007ff88db60000 - 0x00007ff88dbbd000 	C:\Windows\System32\shlwapi.dll
0x00007ff88cc70000 - 0x00007ff88cc91000 	C:\Windows\SYSTEM32\profapi.dll
0x00007ff85c020000 - 0x00007ff85c0f7000 	C:\Users\asus\.jdks\openjdk-24\bin\jsvml.dll
0x00007ff877590000 - 0x00007ff8775a0000 	C:\Users\asus\.jdks\openjdk-24\bin\net.dll
0x00007ff88c370000 - 0x00007ff88c3d7000 	C:\Windows\system32\mswsock.dll
0x00007ff876fc0000 - 0x00007ff876fd6000 	C:\Users\asus\.jdks\openjdk-24\bin\nio.dll
0x00007ff876fa0000 - 0x00007ff876fb7000 	C:\Users\asus\.jdks\openjdk-24\bin\zip.dll
0x00007ff877540000 - 0x00007ff877549000 	C:\Users\asus\.jdks\openjdk-24\bin\extnet.dll
0x00007ff88ba90000 - 0x00007ff88bb75000 	C:\Windows\SYSTEM32\DNSAPI.dll
0x00007ff88ba60000 - 0x00007ff88ba8d000 	C:\Windows\SYSTEM32\IPHLPAPI.DLL
0x00007ff88e110000 - 0x00007ff88e119000 	C:\Windows\System32\NSI.dll
0x00007ff87bbc0000 - 0x00007ff87bbca000 	C:\Windows\System32\rasadhlp.dll
0x00007ff885b20000 - 0x00007ff885ba1000 	C:\Windows\System32\fwpuclnt.dll
0x00007ff8757c0000 - 0x00007ff8757ca000 	C:\Users\asus\.jdks\openjdk-24\bin\management.dll
0x00007ff872cf0000 - 0x00007ff872cfb000 	C:\Users\asus\.jdks\openjdk-24\bin\management_ext.dll
0x00007ff88d850000 - 0x00007ff88d858000 	C:\Windows\System32\PSAPI.DLL
0x00007ff88c5b0000 - 0x00007ff88c5c8000 	C:\Windows\SYSTEM32\CRYPTSP.dll
0x00007ff88be40000 - 0x00007ff88be75000 	C:\Windows\system32\rsaenh.dll
0x00007ff88c460000 - 0x00007ff88c489000 	C:\Windows\SYSTEM32\USERENV.dll
0x00007ff88c730000 - 0x00007ff88c757000 	C:\Windows\SYSTEM32\bcrypt.dll
0x00007ff88c5d0000 - 0x00007ff88c5dc000 	C:\Windows\SYSTEM32\CRYPTBASE.dll
0x00007ff86e520000 - 0x00007ff86e537000 	C:\Windows\system32\napinsp.dll
0x00007ff86c760000 - 0x00007ff86c77b000 	C:\Windows\system32\pnrpnsp.dll
0x00007ff869ee0000 - 0x00007ff869ef2000 	C:\Windows\System32\winrnr.dll
0x00007ff885c70000 - 0x00007ff885c85000 	C:\Windows\system32\wshbth.dll
0x00007ff869ec0000 - 0x00007ff869edf000 	C:\Windows\system32\nlansp_c.dll
0x00007ff876f20000 - 0x00007ff876f6f000 	C:\Windows\SYSTEM32\pdh.dll

dbghelp: loaded successfully - version: 4.0.5 - missing functions: none
symbol engine: initialized successfully - sym options: 0x614 - pdb path: .;C:\Users\asus\.jdks\openjdk-24\bin;C:\Windows\SYSTEM32;C:\Windows\WinSxS\amd64_microsoft.windows.common-controls_6595b64144ccf1df_6.0.21996.1_none_7d6b053978bcd706;C:\Users\asus\.jdks\openjdk-24\bin\server;C:\Users\asus\AppData\Local\Temp\idea_libasyncProfiler_dll_temp_folder1

VM Arguments:
jvm_args: --module-path=D:\javafx-sdk-24.0.1\lib --add-modules=javafx.controls,javafx.fxml --enable-preview -javaagent:C:\Program Files\JetBrains\IntelliJ IDEA 2024.3.5\lib\idea_rt.jar=2670 -agentpath:C:\Users\asus\AppData\Local\Temp\idea_libasyncProfiler_dll_temp_folder1\libasyncProfiler.dll=start,jfr,event=wall,interval=10ms,jfrsync=profile,cstack=no,file=C:\Users\asus\IdeaSnapshots\Javafx_2025_07_08_232853.jfr,dbghelppath=C:\Users\asus\AppData\Local\Temp\idea_dbghelp_dll_temp_folder\dbghelp.dll,log=C:\Users\asus\AppData\Local\Temp\Javafx_2025_07_08_232853.jfr.log.txt,logLevel=DEBUG -Dfile.encoding=UTF-8 -Dsun.stdout.encoding=UTF-8 -Dsun.stderr.encoding=UTF-8 
java_command: com.MainApp
java_class_path (initial): E:\Semester 4\PBO\Praktikum\projek akhir PBO\out\production\projek akhir PBO;D:\javafx-sdk-24.0.1\lib\javafx-swt.jar;D:\javafx-sdk-24.0.1\lib\javafx.web.jar;D:\javafx-sdk-24.0.1\lib\javafx.base.jar;D:\javafx-sdk-24.0.1\lib\javafx.fxml.jar;D:\javafx-sdk-24.0.1\lib\javafx.media.jar;D:\javafx-sdk-24.0.1\lib\javafx.swing.jar;D:\javafx-sdk-24.0.1\lib\jdk.jsobject.jar;D:\javafx-sdk-24.0.1\lib\javafx.controls.jar;D:\javafx-sdk-24.0.1\lib\javafx.graphics.jar;D:\javafx-sdk-24.0.1\lib\jfx.incubator.input.jar;D:\javafx-sdk-24.0.1\lib\jfx.incubator.richtext.jar;E:\Semester 4\PBO\Praktikum\projek akhir PBO gipa\lib\HikariCP-5.1.0.jar;E:\Semester 4\PBO\Praktikum\projek akhir PBO gipa\lib\slf4j-api-2.0.9.jar;E:\Semester 4\PBO\Praktikum\projek akhir PBO gipa\lib\postgresql-42.7.3.jar;E:\Semester 4\PBO\Praktikum\projek akhir PBO gipa\lib\slf4j-simple-2.0.9.jar
Launcher Type: SUN_STANDARD

[Global flags]
     intx CICompilerCount                          = 4                                         {product} {ergonomic}
     uint ConcGCThreads                            = 2                                         {product} {ergonomic}
     bool FlightRecorder                           = true                                      {product} {management}
     uint G1ConcRefinementThreads                  = 8                                         {product} {ergonomic}
   size_t G1HeapRegionSize                         = 1048576                                   {product} {ergonomic}
   size_t InitialHeapSize                          = 132120576                                 {product} {ergonomic}
   size_t MarkStackSize                            = 4194304                                   {product} {ergonomic}
   size_t MarkStackSizeMax                         = 536870912                                 {product} {ergonomic}
   size_t MaxHeapSize                              = 2097152000                                {product} {ergonomic}
   size_t MaxNewSize                               = 1258291200                                {product} {ergonomic}
   size_t MinHeapDeltaBytes                        = 1048576                                   {product} {ergonomic}
   size_t MinHeapSize                              = 8388608                                   {product} {ergonomic}
    uintx NonNMethodCodeHeapSize                   = 5832704                                {pd product} {ergonomic}
    uintx NonProfiledCodeHeapSize                  = 122945536                              {pd product} {ergonomic}
    uintx ProfiledCodeHeapSize                     = 122880000                              {pd product} {ergonomic}
    uintx ReservedCodeCacheSize                    = 251658240                              {pd product} {ergonomic}
     bool SegmentedCodeCache                       = true                                      {product} {ergonomic}
   size_t SoftMaxHeapSize                          = 2097152000                             {manageable} {ergonomic}
     bool UseCompressedOops                        = true                           {product lp64_product} {ergonomic}
     bool UseG1GC                                  = true                                      {product} {ergonomic}
     bool UseLargePagesIndividualAllocation        = false                                  {pd product} {ergonomic}

Logging:
Log output configuration:
 #0: stdout all=warning uptime,level,tags foldmultilines=false
 #1: stderr all=off uptime,level,tags foldmultilines=false

Environment Variables:
PATH=C:\Python313\Scripts\;C:\Python313\;C:\Program Files\Common Files\Oracle\Java\javapath;C:\MinGW\bin;C:\Windows\system32;C:\Windows;C:\Windows\System32\Wbem;C:\Windows\System32\WindowsPowerShell\v1.0\;C:\Windows\System32\OpenSSH\;C:\Program Files (x86)\NVIDIA Corporation\PhysX\Common;C:\Program Files (x86)\IBM\SPSS\Statistics\24\JRE\bin;C:\FPC\3.2.2\bin\i386-Win32;C:\Program Files\nodejs\;C:\ProgramData\chocolatey\bin;E:\Semester 4\PBW\XAMPP2\php;C:\ProgramData\ComposerSetup\bin;C:\Users\asus\AppData\Local\Microsoft\WindowsApps;C:\Users\asus\AppData\Local\Programs\Microsoft VS Code\bin;C:\Program Files\MongoDB\Server\8.0\bin;C:\Program Files (x86)\Nmap;C:\Users\asus\AppData\Roaming\npm;C:\Users\asus\AppData\Roaming\Composer\vendor\bin
USERNAME=asus
OS=Windows_NT
PROCESSOR_IDENTIFIER=Intel64 Family 6 Model 126 Stepping 5, GenuineIntel
TMP=C:\Users\asus\AppData\Local\Temp
TEMP=C:\Users\asus\AppData\Local\Temp




Periodic native trim disabled

---------------  S Y S T E M  ---------------

OS:
 Windows 10 , 64 bit Build 21996 (10.0.21996.1)
OS uptime: 0 days 9:32 hours

CPU: total 8 (initial active 8) (4 cores per cpu, 2 threads per core) family 6 model 126 stepping 5 microcode 0xa6, cx8, cmov, fxsr, ht, mmx, 3dnowpref, sse, sse2, sse3, ssse3, sse4.1, sse4.2, popcnt, lzcnt, tsc, tscinvbit, avx, avx2, aes, erms, clmul, bmi1, bmi2, adx, avx512f, avx512dq, avx512cd, avx512bw, avx512vl, sha, fma, vzeroupper, avx512_vpopcntdq, avx512_vpclmulqdq, avx512_vaes, avx512_vnni, clflush, clflushopt, avx512_vbmi2, avx512_vbmi, rdtscp, rdpid, fsrm, gfni, avx512_bitalg, f16c, pku, avx512_ifma
Processor Information for the first 8 processors :
  Max Mhz: 1190, Current Mhz: 991, Mhz Limit: 987

Memory: 4k page, system-wide physical 7997M (2091M free)
TotalPageFile size 18264M (AvailPageFile size 2794M)
current process WorkingSet (physical memory assigned to process): 118M, peak: 118M
current process commit charge ("private bytes"): 279M, peak: 293M

vm_info: OpenJDK 64-Bit Server VM (24+36-3646) for windows-amd64 JRE (24+36-3646), built on 2025-02-06T00:20:43Z with MS VC++ 17.6 (VS2022)

END.
